<?xml version="1.0" encoding="UTF-8"?>
<!-- Generated by org.testng.reporters.JUnitReportReporter -->
<testsuite hostname="IL-0908" name="com.deere.testCases.TC6399_CreateDTACCaseService" tests="1" failures="1" timestamp="9 May 2018 11:05:38 GMT" time="173.584" errors="0">
  <testcase name="test_TC6399_CreateDTACCaseService" time="173.584" classname="com.deere.testCases.TC6399_CreateDTACCaseService">
    <failure type="java.lang.RuntimeException" message="Expected condition failed: waiting for visibility of Proxy element for: DefaultElementLocator &#039;By.xpath: //*[@data-test-id=&#039;2018042008174902341739&#039;]&#039; (tried for 30 second(s) with 500 MILLISECONDS interval)">
      <![CDATA[java.lang.RuntimeException: Expected condition failed: waiting for visibility of Proxy element for: DefaultElementLocator 'By.xpath: //*[@data-test-id='2018042008174902341739']' (tried for 30 second(s) with 500 MILLISECONDS interval)
	at com.deere.global.CommonFunctions.waitForElement(CommonFunctions.java:465)
	at com.deere.pages.solutionsearch.DTACSolutionPage.SwitchtoFrameandclickonAddCustmer(DTACSolutionPage.java:123)
	at com.deere.global.FunctionalMethods.SwitchtoFrameandclickonAddCustmer(FunctionalMethods.java:168)
	at com.deere.testCases.TC6399_CreateDTACCaseService.test_TC6399_CreateDTACCaseService(TC6399_CreateDTACCaseService.java:72)
	at sun.reflect.NativeMethodAccessorImpl.invoke0(Native Method)
	at sun.reflect.NativeMethodAccessorImpl.invoke(Unknown Source)
	at sun.reflect.DelegatingMethodAccessorImpl.invoke(Unknown Source)
	at java.lang.reflect.Method.invoke(Unknown Source)
	at org.testng.internal.MethodInvocationHelper.invokeMethod(MethodInvocationHelper.java:84)
	at org.testng.internal.Invoker.invokeMethod(Invoker.java:714)
	at org.testng.internal.Invoker.invokeTestMethod(Invoker.java:901)
	at org.testng.internal.Invoker.invokeTestMethods(Invoker.java:1231)
	at org.testng.internal.TestMethodWorker.invokeTestMethods(TestMethodWorker.java:127)
	at org.testng.internal.TestMethodWorker.run(TestMethodWorker.java:111)
	at java.util.concurrent.ThreadPoolExecutor.runWorker(Unknown Source)
	at java.util.concurrent.ThreadPoolExecutor$Worker.run(Unknown Source)
	at java.lang.Thread.run(Unknown Source)
]]>
    </failure>
  </testcase> <!-- test_TC6399_CreateDTACCaseService -->
</testsuite> <!-- com.deere.testCases.TC6399_CreateDTACCaseService -->
