<?xml version="1.0" encoding="UTF-8"?>
<!-- Generated by org.testng.reporters.JUnitReportReporter -->
<testsuite hostname="ID-0769" name="com.deere.testCases.US31546_JDParts" tests="1" failures="1" timestamp="4 Jul 2018 10:45:28 GMT" time="37.959" errors="0">
  <testcase name="test_WebFormJDParts" time="37.959" classname="com.deere.testCases.US31546_JDParts">
    <failure type="java.lang.Error" message="Unresolved compilation problems: 
	India cannot be resolved to a type
	R4TurfLoginPage cannot be resolved to a type
	R4Turf cannot be resolved to a type
	OwnedCasePage cannot be resolved to a type
	The method Product_selection() is undefined for the type JDLinksWebFormSubmitionPage
	The method Detailed_description(String) is undefined for the type JDLinksWebFormSubmitionPage
	The method GetCaseID() is undefined for the type JDLinksWebFormSubmitionPage
	The method Country_selection() is undefined for the type Deere
	The method DealerName() is undefined for the type Deere
	The method DealerCity() is undefined for the type Deere
	The method DealerState() is undefined for the type Deere
	The method Detailed_description(String) is undefined for the type Deere
	The method AddButton() is undefined for the type Deere
	The method GetCaseID() is undefined for the type Deere
	India cannot be resolved to a type
	IndiaLoginPage cannot be resolved to a type
	India cannot be resolved to a type
	India cannot be resolved to a type
	IndiaLoginPage cannot be resolved to a type
	IndiaLoginPage cannot be resolved to a type
	India cannot be resolved to a type
	India cannot be resolved to a type
	India cannot be resolved to a type
	India cannot be resolved to a type
	India cannot be resolved to a type
	India cannot be resolved to a type
	India cannot be resolved to a type
	India cannot be resolved to a type
	India cannot be resolved to a type
	India cannot be resolved to a type
	R4Turf cannot be resolved to a type
	R4TurfLoginPage cannot be resolved to a type
	R4Turf cannot be resolved to a type
	R4Turf cannot be resolved to a type
	R4TurfLoginPage cannot be resolved to a type
	R4TurfLoginPage cannot be resolved to a type
	R4Turf cannot be resolved to a type
	R4Turf cannot be resolved to a type
	R4Turf cannot be resolved to a type
	R4Turf cannot be resolved to a type
	R4Turf cannot be resolved to a type
	R4Turf cannot be resolved to a type
	R4Turf cannot be resolved to a type
	R4Turf cannot be resolved to a type
	R4Turf cannot be resolved to a type
	R4Turf cannot be resolved to a type
	R4Turf cannot be resolved to a type
	R4Turf cannot be resolved to a type
	R4Turf cannot be resolved to a type
	R4Turf cannot be resolved to a type
	R4Turf cannot be resolved to a type
	R4Turf cannot be resolved to a type
	The method AddButton() is undefined for the type JDLinksWebFormSubmitionPage
	The method Detailed_description(String) is undefined for the type JDPartsWebFormSubmissionPage
	R4_AgCC cannot be resolved to a type
	R4_AgCC cannot be resolved to a type
	R4_AgCC cannot be resolved to a type
	OwnedCasePage cannot be resolved to a type
	OwnedCasePage cannot be resolved to a type
	OwnedCasePage cannot be resolved to a type
	OwnedCasePage cannot be resolved to a type
	OwnedCasePage cannot be resolved to a type
	OwnedCasePage cannot be resolved to a type
	OwnedCasePage cannot be resolved to a type
	OwnedCasePage cannot be resolved to a type
	OwnedCasePage cannot be resolved to a type
	OwnedCasePage cannot be resolved to a type
	OwnedCasePage cannot be resolved to a type
	OwnedCasePage cannot be resolved to a type
	OwnedCasePage cannot be resolved to a type
	OwnedCasePage cannot be resolved to a type
	OwnedCasePage cannot be resolved to a type
	OwnedCasePage cannot be resolved to a type
	OwnedCasePage cannot be resolved to a type
	OwnedCasePage cannot be resolved to a type
	OwnedCasePage cannot be resolved to a type
	OwnedCasePage cannot be resolved to a type
	OwnedCasePage cannot be resolved to a type
	Type mismatch: cannot convert from ISGCasePage to ViewEmaiPage
	Type mismatch: cannot convert from SouthSaharaLoginPage to SouthSahara
	The method Country_selection() is undefined for the type Deere
">
      <![CDATA[java.lang.Error: Unresolved compilation problems: 
	India cannot be resolved to a type
	R4TurfLoginPage cannot be resolved to a type
	R4Turf cannot be resolved to a type
	OwnedCasePage cannot be resolved to a type
	The method Product_selection() is undefined for the type JDLinksWebFormSubmitionPage
	The method Detailed_description(String) is undefined for the type JDLinksWebFormSubmitionPage
	The method GetCaseID() is undefined for the type JDLinksWebFormSubmitionPage
	The method Country_selection() is undefined for the type Deere
	The method DealerName() is undefined for the type Deere
	The method DealerCity() is undefined for the type Deere
	The method DealerState() is undefined for the type Deere
	The method Detailed_description(String) is undefined for the type Deere
	The method AddButton() is undefined for the type Deere
	The method GetCaseID() is undefined for the type Deere
	India cannot be resolved to a type
	IndiaLoginPage cannot be resolved to a type
	India cannot be resolved to a type
	India cannot be resolved to a type
	IndiaLoginPage cannot be resolved to a type
	IndiaLoginPage cannot be resolved to a type
	India cannot be resolved to a type
	India cannot be resolved to a type
	India cannot be resolved to a type
	India cannot be resolved to a type
	India cannot be resolved to a type
	India cannot be resolved to a type
	India cannot be resolved to a type
	India cannot be resolved to a type
	India cannot be resolved to a type
	India cannot be resolved to a type
	R4Turf cannot be resolved to a type
	R4TurfLoginPage cannot be resolved to a type
	R4Turf cannot be resolved to a type
	R4Turf cannot be resolved to a type
	R4TurfLoginPage cannot be resolved to a type
	R4TurfLoginPage cannot be resolved to a type
	R4Turf cannot be resolved to a type
	R4Turf cannot be resolved to a type
	R4Turf cannot be resolved to a type
	R4Turf cannot be resolved to a type
	R4Turf cannot be resolved to a type
	R4Turf cannot be resolved to a type
	R4Turf cannot be resolved to a type
	R4Turf cannot be resolved to a type
	R4Turf cannot be resolved to a type
	R4Turf cannot be resolved to a type
	R4Turf cannot be resolved to a type
	R4Turf cannot be resolved to a type
	R4Turf cannot be resolved to a type
	R4Turf cannot be resolved to a type
	R4Turf cannot be resolved to a type
	R4Turf cannot be resolved to a type
	The method AddButton() is undefined for the type JDLinksWebFormSubmitionPage
	The method Detailed_description(String) is undefined for the type JDPartsWebFormSubmissionPage
	R4_AgCC cannot be resolved to a type
	R4_AgCC cannot be resolved to a type
	R4_AgCC cannot be resolved to a type
	OwnedCasePage cannot be resolved to a type
	OwnedCasePage cannot be resolved to a type
	OwnedCasePage cannot be resolved to a type
	OwnedCasePage cannot be resolved to a type
	OwnedCasePage cannot be resolved to a type
	OwnedCasePage cannot be resolved to a type
	OwnedCasePage cannot be resolved to a type
	OwnedCasePage cannot be resolved to a type
	OwnedCasePage cannot be resolved to a type
	OwnedCasePage cannot be resolved to a type
	OwnedCasePage cannot be resolved to a type
	OwnedCasePage cannot be resolved to a type
	OwnedCasePage cannot be resolved to a type
	OwnedCasePage cannot be resolved to a type
	OwnedCasePage cannot be resolved to a type
	OwnedCasePage cannot be resolved to a type
	OwnedCasePage cannot be resolved to a type
	OwnedCasePage cannot be resolved to a type
	OwnedCasePage cannot be resolved to a type
	OwnedCasePage cannot be resolved to a type
	OwnedCasePage cannot be resolved to a type
	Type mismatch: cannot convert from ISGCasePage to ViewEmaiPage
	Type mismatch: cannot convert from SouthSaharaLoginPage to SouthSahara
	The method Country_selection() is undefined for the type Deere

	at com.deere.global.FunctionalMethods.<init>(FunctionalMethods.java:80)
	at com.deere.testCases.US31546_JDParts.test_WebFormJDParts(US31546_JDParts.java:41)
	at sun.reflect.NativeMethodAccessorImpl.invoke0(Native Method)
	at sun.reflect.NativeMethodAccessorImpl.invoke(Unknown Source)
	at sun.reflect.DelegatingMethodAccessorImpl.invoke(Unknown Source)
	at java.lang.reflect.Method.invoke(Unknown Source)
	at org.testng.internal.MethodInvocationHelper.invokeMethod(MethodInvocationHelper.java:84)
	at org.testng.internal.Invoker.invokeMethod(Invoker.java:714)
	at org.testng.internal.Invoker.invokeTestMethod(Invoker.java:901)
	at org.testng.internal.Invoker.invokeTestMethods(Invoker.java:1231)
	at org.testng.internal.TestMethodWorker.invokeTestMethods(TestMethodWorker.java:127)
	at org.testng.internal.TestMethodWorker.run(TestMethodWorker.java:111)
	at java.util.concurrent.ThreadPoolExecutor.runWorker(Unknown Source)
	at java.util.concurrent.ThreadPoolExecutor$Worker.run(Unknown Source)
	at java.lang.Thread.run(Unknown Source)
]]>
    </failure>
  </testcase> <!-- test_WebFormJDParts -->
</testsuite> <!-- com.deere.testCases.US31546_JDParts -->
