<?xml version="1.0" encoding="UTF-8"?>
<!-- Generated by org.testng.reporters.JUnitReportReporter -->
<testsuite hostname="ID-0769" name="com.deere.testCases.US24254_CaseSearchTestCases" tests="1" failures="1" timestamp="19 Jun 2018 12:27:48 GMT" time="37.712" errors="0">
  <testcase name="test_TC6560_ISGProductInformation" time="37.712" classname="com.deere.testCases.US24254_CaseSearchTestCases">
    <failure type="java.lang.Error" message="Unresolved compilation problems: 
	caseSearchHomePage cannot be resolved to a variable
	The method navigateToCaseSearchHomePage(NavigationClass) is undefined for the type FunctionalMethods
	caseSearchHomePage cannot be resolved
">
      <![CDATA[java.lang.Error: Unresolved compilation problems: 
	caseSearchHomePage cannot be resolved to a variable
	The method navigateToCaseSearchHomePage(NavigationClass) is undefined for the type FunctionalMethods
	caseSearchHomePage cannot be resolved

	at com.deere.testCases.US24254_CaseSearchTestCases.test_TC6560_ISGProductInformation(US24254_CaseSearchTestCases.java:142)
	at sun.reflect.NativeMethodAccessorImpl.invoke0(Native Method)
	at sun.reflect.NativeMethodAccessorImpl.invoke(Unknown Source)
	at sun.reflect.DelegatingMethodAccessorImpl.invoke(Unknown Source)
	at java.lang.reflect.Method.invoke(Unknown Source)
	at org.testng.internal.MethodInvocationHelper.invokeMethod(MethodInvocationHelper.java:84)
	at org.testng.internal.Invoker.invokeMethod(Invoker.java:714)
	at org.testng.internal.Invoker.invokeTestMethod(Invoker.java:901)
	at org.testng.internal.Invoker.invokeTestMethods(Invoker.java:1231)
	at org.testng.internal.TestMethodWorker.invokeTestMethods(TestMethodWorker.java:127)
	at org.testng.internal.TestMethodWorker.run(TestMethodWorker.java:111)
	at java.util.concurrent.ThreadPoolExecutor.runWorker(Unknown Source)
	at java.util.concurrent.ThreadPoolExecutor$Worker.run(Unknown Source)
	at java.lang.Thread.run(Unknown Source)
]]>
    </failure>
  </testcase> <!-- test_TC6560_ISGProductInformation -->
</testsuite> <!-- com.deere.testCases.US24254_CaseSearchTestCases -->
