<?xml version="1.0" encoding="UTF-8"?>
<!-- Generated by org.testng.reporters.JUnitReportReporter -->
<testsuite hostname="ID-0883" name="com.deere.testCases.SSDATestCases" tests="1" failures="0" timestamp="2 May 2018 07:23:15 GMT" time="44.786" errors="0">
  <testcase name="test_CrossMappingMachineInfoSSDA" time="44.786" classname="com.deere.testCases.SSDATestCases"/>
</testsuite> <!-- com.deere.testCases.SSDATestCases -->
