<?xml version="1.0" encoding="UTF-8"?>
<!-- Generated by org.testng.reporters.JUnitReportReporter -->
<testsuite hostname="ID-0769" name="com.deere.testCases.US24254_ProductModelMandatory" tests="1" failures="0" timestamp="19 Jun 2018 12:18:59 GMT" time="41.644" errors="1">
  <testcase name="test_GSCproductModelMandatory" time="41.644" classname="com.deere.testCases.US24254_ProductModelMandatory">
    <error type="java.lang.AssertionError" message="Site Minder Portal is not opened expected [true] but found [false]">
      <![CDATA[java.lang.AssertionError: Site Minder Portal is not opened expected [true] but found [false]
	at org.testng.Assert.fail(Assert.java:94)
	at org.testng.Assert.failNotEquals(Assert.java:494)
	at org.testng.Assert.assertTrue(Assert.java:42)
	at com.deere.global.CommonFunctions.assertTrue(CommonFunctions.java:1083)
	at com.deere.testCases.US24254_ProductModelMandatory.test_GSCproductModelMandatory(US24254_ProductModelMandatory.java:32)
	at sun.reflect.NativeMethodAccessorImpl.invoke0(Native Method)
	at sun.reflect.NativeMethodAccessorImpl.invoke(Unknown Source)
	at sun.reflect.DelegatingMethodAccessorImpl.invoke(Unknown Source)
	at java.lang.reflect.Method.invoke(Unknown Source)
	at org.testng.internal.MethodInvocationHelper.invokeMethod(MethodInvocationHelper.java:84)
	at org.testng.internal.Invoker.invokeMethod(Invoker.java:714)
	at org.testng.internal.Invoker.invokeTestMethod(Invoker.java:901)
	at org.testng.internal.Invoker.invokeTestMethods(Invoker.java:1231)
	at org.testng.internal.TestMethodWorker.invokeTestMethods(TestMethodWorker.java:127)
	at org.testng.internal.TestMethodWorker.run(TestMethodWorker.java:111)
	at java.util.concurrent.ThreadPoolExecutor.runWorker(Unknown Source)
	at java.util.concurrent.ThreadPoolExecutor$Worker.run(Unknown Source)
	at java.lang.Thread.run(Unknown Source)
]]>
    </error>
  </testcase> <!-- test_GSCproductModelMandatory -->
</testsuite> <!-- com.deere.testCases.US24254_ProductModelMandatory -->
