<?xml version="1.0" encoding="UTF-8"?>
<!-- Generated by org.testng.reporters.JUnitReportReporter -->
<testsuite hostname="IL-1270" name="com.deere.testCases.ISGTestCases" tests="1" failures="1" timestamp="13 Aug 2018 07:49:53 GMT" time="112.904" errors="0">
  <testcase name="test_TC6486_RoutingForISG" time="112.904" classname="com.deere.testCases.ISGTestCases">
    <failure type="java.lang.RuntimeException" message="Expected condition failed: waiting for visibility of Proxy element for: DefaultElementLocator &#039;By.xpath: //*[@id=&#039;DefaultAG&#039;]&#039; (tried for 30 second(s) with 500 MILLISECONDS interval)">
      <![CDATA[java.lang.RuntimeException: Expected condition failed: waiting for visibility of Proxy element for: DefaultElementLocator 'By.xpath: //*[@id='DefaultAG']' (tried for 30 second(s) with 500 MILLISECONDS interval)
	at com.deere.global.CommonFunctions.waitForElement(CommonFunctions.java:464)
	at com.deere.pages.isgcasecreation.ISGCasePage.clickRadioButton(ISGCasePage.java:1148)
	at com.deere.global.FunctionalMethods.isgEnterCaseCreationDetailsRouting(FunctionalMethods.java:1601)
	at com.deere.testCases.ISGTestCases.test_TC6486_RoutingForISG(ISGTestCases.java:596)
	at sun.reflect.NativeMethodAccessorImpl.invoke0(Native Method)
	at sun.reflect.NativeMethodAccessorImpl.invoke(Unknown Source)
	at sun.reflect.DelegatingMethodAccessorImpl.invoke(Unknown Source)
	at java.lang.reflect.Method.invoke(Unknown Source)
	at org.testng.internal.MethodInvocationHelper.invokeMethod(MethodInvocationHelper.java:84)
	at org.testng.internal.Invoker.invokeMethod(Invoker.java:714)
	at org.testng.internal.Invoker.invokeTestMethod(Invoker.java:901)
	at org.testng.internal.Invoker.invokeTestMethods(Invoker.java:1231)
	at org.testng.internal.TestMethodWorker.invokeTestMethods(TestMethodWorker.java:127)
	at org.testng.internal.TestMethodWorker.run(TestMethodWorker.java:111)
	at java.util.concurrent.ThreadPoolExecutor.runWorker(Unknown Source)
	at java.util.concurrent.ThreadPoolExecutor$Worker.run(Unknown Source)
	at java.lang.Thread.run(Unknown Source)
]]>
    </failure>
  </testcase> <!-- test_TC6486_RoutingForISG -->
</testsuite> <!-- com.deere.testCases.ISGTestCases -->
