<?xml version="1.0" encoding="UTF-8"?>
<!-- Generated by org.testng.reporters.JUnitReportReporter -->
<testsuite hostname="WPUNG58485" name="testCases.ThirdTestClass" tests="1" failures="0" timestamp="26 Aug 2014 09:07:15 GMT" time="0.257" errors="0">
  <testcase name="getFileData" time="0.257" classname="testCases.ThirdTestClass"/>
</testsuite> <!-- testCases.ThirdTestClass -->
