<?xml version="1.0" encoding="UTF-8"?>
<!-- Generated by org.testng.reporters.JUnitReportReporter -->
<testsuite hostname="IL-0908" name="com.deere.testCases.US21375_GSCCaseFlow" tests="1" failures="1" timestamp="14 May 2018 13:20:39 GMT" time="6.303" errors="0">
  <testcase name="test_GSCCaseCreationDetails" time="6.303" classname="com.deere.testCases.US21375_GSCCaseFlow">
    <failure type="java.lang.NullPointerException">
      <![CDATA[java.lang.NullPointerException
	at com.deere.global.FunctionalMethods.openPortal(FunctionalMethods.java:35)
	at com.deere.testCases.US21375_GSCCaseFlow.test_GSCCaseCreationDetails(US21375_GSCCaseCreation.java:44)
	at sun.reflect.NativeMethodAccessorImpl.invoke0(Native Method)
	at sun.reflect.NativeMethodAccessorImpl.invoke(Unknown Source)
	at sun.reflect.DelegatingMethodAccessorImpl.invoke(Unknown Source)
	at java.lang.reflect.Method.invoke(Unknown Source)
	at org.testng.internal.MethodInvocationHelper.invokeMethod(MethodInvocationHelper.java:84)
	at org.testng.internal.Invoker.invokeMethod(Invoker.java:714)
	at org.testng.internal.Invoker.invokeTestMethod(Invoker.java:901)
	at org.testng.internal.Invoker.invokeTestMethods(Invoker.java:1231)
	at org.testng.internal.TestMethodWorker.invokeTestMethods(TestMethodWorker.java:127)
	at org.testng.internal.TestMethodWorker.run(TestMethodWorker.java:111)
	at java.util.concurrent.ThreadPoolExecutor.runWorker(Unknown Source)
	at java.util.concurrent.ThreadPoolExecutor$Worker.run(Unknown Source)
	at java.lang.Thread.run(Unknown Source)
]]>
    </failure>
  </testcase> <!-- test_GSCCaseCreationDetails -->
</testsuite> <!-- com.deere.testCases.US21375_GSCCaseFlow -->
