<?xml version="1.0" encoding="UTF-8"?>
<!-- Generated by org.testng.reporters.JUnitReportReporter -->
<testsuite hostname="IL-1270" name="com.deere.testCases.GreenFleetTestCases" tests="1" failures="0" timestamp="13 Aug 2018 08:25:00 GMT" time="271.937" errors="0">
  <testcase name="test_TC6867GreenFleetCaseCreationNegative" time="271.937" classname="com.deere.testCases.GreenFleetTestCases"/>
</testsuite> <!-- com.deere.testCases.GreenFleetTestCases -->
