<?xml version="1.0" encoding="UTF-8"?>
<!-- Generated by org.testng.reporters.JUnitReportReporter -->
<testsuite hostname="IL-0908" name="com.deere.testCases.US21375_ISGCaseFlow" tests="1" failures="0" timestamp="9 May 2018 11:11:42 GMT" time="206.570" errors="0">
  <testcase name="test_ISGCaseCreation" time="206.570" classname="com.deere.testCases.US21375_ISGCaseFlow"/>
</testsuite> <!-- com.deere.testCases.US21375_ISGCaseFlow -->
