<?xml version="1.0" encoding="UTF-8"?>
<!-- Generated by org.testng.reporters.JUnitReportReporter -->
<testsuite hostname="IL-0908" name="com.deere.testCases.US24254_US32635_SSISGTestCases" tests="1" failures="0" timestamp="14 May 2018 13:46:55 GMT" time="136.459" errors="0">
  <testcase name="test_SSISG" time="136.459" classname="com.deere.testCases.US24254_US32635_SSISGTestCases"/>
</testsuite> <!-- com.deere.testCases.US24254_US32635_SSISGTestCases -->
