<?xml version="1.0" encoding="UTF-8"?>
<!-- Generated by org.testng.reporters.JUnitReportReporter -->
<testsuite hostname="IL-1270" name="com.deere.testCases.GSCTestCases" tests="1" failures="0" timestamp="13 Aug 2018 10:13:55 GMT" time="210.149" errors="0">
  <testcase name="test_TC6339_GSCCustomerSearch" time="210.149" classname="com.deere.testCases.GSCTestCases"/>
</testsuite> <!-- com.deere.testCases.GSCTestCases -->
