<?xml version="1.0" encoding="UTF-8"?>
<!-- Generated by org.testng.reporters.JUnitReportReporter -->
<testsuite hostname="WPUKW75188" name="com.deere.testCases.MarketingTestCases" tests="10" failures="0" timestamp="19 Apr 2018 07:20:52 GMT" time="907.513" errors="0">
  <testcase name="test_CreateMKTCaseAsDealer" time="88.783" classname="com.deere.testCases.MarketingTestCases"/>
  <testcase name="test_CreateMKTCaseAsDealer" time="92.976" classname="com.deere.testCases.MarketingTestCases"/>
  <testcase name="test_CreateMKTCaseAsDealer" time="94.297" classname="com.deere.testCases.MarketingTestCases"/>
  <testcase name="test_CreateMKTCaseAsDealer" time="90.747" classname="com.deere.testCases.MarketingTestCases"/>
  <testcase name="test_CreateMKTCaseAsDealer" time="91.080" classname="com.deere.testCases.MarketingTestCases"/>
  <testcase name="test_CreateMKTCaseAsDealer" time="92.003" classname="com.deere.testCases.MarketingTestCases"/>
  <testcase name="test_CreateMKTCaseAsDealer" time="87.832" classname="com.deere.testCases.MarketingTestCases"/>
  <testcase name="test_CreateMKTCaseAsDealer" time="90.538" classname="com.deere.testCases.MarketingTestCases"/>
  <testcase name="test_CreateMKTCaseAsDealer" time="87.737" classname="com.deere.testCases.MarketingTestCases"/>
  <testcase name="test_CreateMKTCaseAsDealer" time="91.520" classname="com.deere.testCases.MarketingTestCases"/>
</testsuite> <!-- com.deere.testCases.MarketingTestCases -->
