<?xml version="1.0" encoding="UTF-8"?>
<!-- Generated by org.testng.reporters.JUnitReportReporter -->
<testsuite hostname="WPUSM24398A" name="com.deere.testCases.DPACCase" tests="1" failures="0" timestamp="21 Nov 2017 07:52:48 GMT" time="61.261" errors="0">
  <testcase name="test_SendCaseEmail" time="61.261" classname="com.deere.testCases.DPACCase"/>
</testsuite> <!-- com.deere.testCases.DPACCase -->
