<?xml version="1.0" encoding="UTF-8"?>
<!-- Generated by org.testng.reporters.JUnitReportReporter -->
<testsuite hostname="WPUKW75188" name="com.deere.testCases.DTViewOnlyTestCases" tests="1" failures="0" timestamp="11 Apr 2018 09:57:30 GMT" time="144.600" errors="0">
  <testcase name="test_SendCaseEmailOnNewStatusForDTViewOnly" time="144.600" classname="com.deere.testCases.DTViewOnlyTestCases"/>
</testsuite> <!-- com.deere.testCases.DTViewOnlyTestCases -->
