<?xml version="1.0" encoding="UTF-8"?>
<!-- Generated by org.testng.reporters.JUnitReportReporter -->
<testsuite hostname="IL-0908" name="com.deere.testCases.US21983_US23290_ActionByStatus_Reopn" tests="1" failures="0" timestamp="18 May 2018 06:29:24 GMT" time="305.579" errors="0">
  <testcase name="test_TestActions_Availability" time="305.579" classname="com.deere.testCases.US21983_US23290_ActionByStatus_Reopn"/>
</testsuite> <!-- com.deere.testCases.US21983_US23290_ActionByStatus_Reopn -->
