<?xml version="1.0" encoding="UTF-8"?>
<!-- Generated by org.testng.reporters.JUnitReportReporter -->
<testsuite hostname="WPUSM24398A" name="com.deere.testCases.ClaimTestCase" tests="2" failures="0" timestamp="26 Oct 2017 10:37:23 GMT" time="304.223" errors="1">
  <testcase name="test_NormalClaim" time="147.434" classname="com.deere.testCases.ClaimTestCase"/>
  <testcase name="test_NormalClaim" time="156.789" classname="com.deere.testCases.ClaimTestCase">
    <error type="java.lang.AssertionError" message="Claim is not displayed in PDF Format expected [true] but found [false]">
      <![CDATA[java.lang.AssertionError: Claim is not displayed in PDF Format expected [true] but found [false]
	at org.testng.Assert.fail(Assert.java:94)
	at org.testng.Assert.failNotEquals(Assert.java:494)
	at org.testng.Assert.assertTrue(Assert.java:42)
	at com.deere.global.CommonFunctions.assertTrue(CommonFunctions.java:1019)
	at com.deere.testCases.ClaimTestCase.test_NormalClaim(ClaimTestCase.java:158)
	at sun.reflect.NativeMethodAccessorImpl.invoke0(Native Method)
	at sun.reflect.NativeMethodAccessorImpl.invoke(NativeMethodAccessorImpl.java:62)
	at sun.reflect.DelegatingMethodAccessorImpl.invoke(DelegatingMethodAccessorImpl.java:43)
	at java.lang.reflect.Method.invoke(Method.java:497)
	at org.testng.internal.MethodInvocationHelper.invokeMethod(MethodInvocationHelper.java:84)
	at org.testng.internal.Invoker.invokeMethod(Invoker.java:714)
	at org.testng.internal.Invoker.invokeTestMethod(Invoker.java:901)
	at org.testng.internal.Invoker.invokeTestMethods(Invoker.java:1231)
	at org.testng.internal.TestMethodWorker.invokeTestMethods(TestMethodWorker.java:127)
	at org.testng.internal.TestMethodWorker.run(TestMethodWorker.java:111)
	at java.util.concurrent.ThreadPoolExecutor.runWorker(ThreadPoolExecutor.java:1142)
	at java.util.concurrent.ThreadPoolExecutor$Worker.run(ThreadPoolExecutor.java:617)
	at java.lang.Thread.run(Thread.java:745)
]]>
    </error>
  </testcase> <!-- test_NormalClaim -->
</testsuite> <!-- com.deere.testCases.ClaimTestCase -->
