<?xml version="1.0" encoding="UTF-8"?>
<!-- Generated by org.testng.reporters.JUnitReportReporter -->
<testsuite hostname="IL-0908" name="com.deere.testCases.US31497_GSC_RoutingRules" tests="1" failures="1" timestamp="17 May 2018 13:02:34 GMT" time="297.429" errors="0">
  <testcase name="test_GSCRoutingTransferWB_Details" time="297.429" classname="com.deere.testCases.US31497_GSC_RoutingRules">
    <failure type="java.lang.RuntimeException" message="Expected condition failed: waiting for visibility of Proxy element for: DefaultElementLocator &#039;By.xpath: (//button[@data-test-id=&#039;20180206104022047318388&#039;])[1]&#039; (tried for 30 second(s) with 500 MILLISECONDS interval)">
      <![CDATA[java.lang.RuntimeException: Expected condition failed: waiting for visibility of Proxy element for: DefaultElementLocator 'By.xpath: (//button[@data-test-id='20180206104022047318388'])[1]' (tried for 30 second(s) with 500 MILLISECONDS interval)
	at com.deere.global.CommonFunctions.waitForElement(CommonFunctions.java:465)
	at com.deere.pages.solutionsearch.GSCCaseCreationPage.clickontransfer(GSCCaseCreationPage.java:653)
	at com.deere.global.FunctionalMethods.clickontransfer(FunctionalMethods.java:648)
	at com.deere.testCases.US31497_GSC_RoutingRules.test_GSCRoutingTransferWB_Details(US31497_GSC_RoutingRules.java:179)
	at sun.reflect.NativeMethodAccessorImpl.invoke0(Native Method)
	at sun.reflect.NativeMethodAccessorImpl.invoke(Unknown Source)
	at sun.reflect.DelegatingMethodAccessorImpl.invoke(Unknown Source)
	at java.lang.reflect.Method.invoke(Unknown Source)
	at org.testng.internal.MethodInvocationHelper.invokeMethod(MethodInvocationHelper.java:84)
	at org.testng.internal.Invoker.invokeMethod(Invoker.java:714)
	at org.testng.internal.Invoker.invokeTestMethod(Invoker.java:901)
	at org.testng.internal.Invoker.invokeTestMethods(Invoker.java:1231)
	at org.testng.internal.TestMethodWorker.invokeTestMethods(TestMethodWorker.java:127)
	at org.testng.internal.TestMethodWorker.run(TestMethodWorker.java:111)
	at java.util.concurrent.ThreadPoolExecutor.runWorker(Unknown Source)
	at java.util.concurrent.ThreadPoolExecutor$Worker.run(Unknown Source)
	at java.lang.Thread.run(Unknown Source)
]]>
    </failure>
  </testcase> <!-- test_GSCRoutingTransferWB_Details -->
</testsuite> <!-- com.deere.testCases.US31497_GSC_RoutingRules -->
